---------- Date: 2015-08-11 07:19:58 ~ IP : 118.100.80.141 ----------
REQUEST URI : /prototype/index.php?route=account/account
MOD DETAILS:
   modFile   : D:\Inetpub\vhosts\bizfindyou.com\httpdocs\prototype\vqmod/xml/multimerch_core.xml
   id        : MultiMerch Digital Multivendor Marketplace Core
   version   : 
   vqmver    : 
   author    : http://multimerch.com/

File Name    : catalog/view/theme/client/template/common/header.tpl(0)
VQModObject::applyMod - SEARCH NOT FOUND (SKIPPED): <div class="links"><a href="<?php echo $home; ?>"><?php echo $text_home; ?></a><a href="<?php echo $wishlist; ?>" id="wishlist-total"><?php echo $text_wishlist; ?></a><a href="<?php echo $account; ?>"><?php echo $text_account; ?></a><a href="<?php echo $shopping_cart; ?>"><?php echo $text_shopping_cart; ?></a><a href="<?php echo $checkout; ?>"><?php echo $text_checkout; ?></a></div>
----------------------------------------------------------------------


---------- Date: 2015-08-11 07:33:38 ~ IP : 118.100.80.141 ----------
REQUEST URI : /prototype/index.php?route=common/home
MOD DETAILS:
   modFile   : D:\Inetpub\vhosts\bizfindyou.com\httpdocs\prototype\vqmod/xml/multimerch_core.xml
   id        : MultiMerch Digital Multivendor Marketplace Core
   version   : 
   vqmver    : 
   author    : http://multimerch.com/

File Name    : catalog/view/theme/client/template/common/header.tpl(0)
VQModObject::applyMod - SEARCH NOT FOUND (SKIPPED): <div class="links"><a href="<?php echo $home; ?>"><?php echo $text_home; ?></a><a href="<?php echo $wishlist; ?>" id="wishlist-total"><?php echo $text_wishlist; ?></a><a href="<?php echo $account; ?>"><?php echo $text_account; ?></a><a href="<?php echo $shopping_cart; ?>"><?php echo $text_shopping_cart; ?></a><a href="<?php echo $checkout; ?>"><?php echo $text_checkout; ?></a></div>
----------------------------------------------------------------------


---------- Date: 2015-08-11 08:06:12 ~ IP : 118.100.80.141 ----------
REQUEST URI : /prototype/index.php?route=account/account
MOD DETAILS:
   modFile   : D:\Inetpub\vhosts\bizfindyou.com\httpdocs\prototype\vqmod/xml/multimerch_core.xml
   id        : MultiMerch Digital Multivendor Marketplace Core
   version   : 
   vqmver    : 
   author    : http://multimerch.com/

File Name    : catalog/view/theme/client/template/common/header.tpl(0)
VQModObject::applyMod - SEARCH NOT FOUND (SKIPPED): <div class="links"><a href="<?php echo $home; ?>"><?php echo $text_home; ?></a><a href="<?php echo $wishlist; ?>" id="wishlist-total"><?php echo $text_wishlist; ?></a><a href="<?php echo $account; ?>"><?php echo $text_account; ?></a><a href="<?php echo $shopping_cart; ?>"><?php echo $text_shopping_cart; ?></a><a href="<?php echo $checkout; ?>"><?php echo $text_checkout; ?></a></div>
----------------------------------------------------------------------


---------- Date: 2015-08-11 08:08:21 ~ IP : 118.100.80.141 ----------
REQUEST URI : /prototype/index.php?route=account/account
MOD DETAILS:
   modFile   : D:\Inetpub\vhosts\bizfindyou.com\httpdocs\prototype\vqmod/xml/multimerch_core.xml
   id        : MultiMerch Digital Multivendor Marketplace Core
   version   : 
   vqmver    : 
   author    : http://multimerch.com/

File Name    : catalog/view/theme/client/template/common/header.tpl(0)
VQModObject::applyMod - SEARCH NOT FOUND (SKIPPED): <div class="links"><a href="<?php echo $home; ?>"><?php echo $text_home; ?></a><a href="<?php echo $wishlist; ?>" id="wishlist-total"><?php echo $text_wishlist; ?></a><a href="<?php echo $account; ?>"><?php echo $text_account; ?></a><a href="<?php echo $shopping_cart; ?>"><?php echo $text_shopping_cart; ?></a><a href="<?php echo $checkout; ?>"><?php echo $text_checkout; ?></a></div>
----------------------------------------------------------------------


---------- Date: 2015-08-11 08:08:45 ~ IP : 118.100.80.141 ----------
REQUEST URI : /prototype/index.php?route=account/account
MOD DETAILS:
   modFile   : D:\Inetpub\vhosts\bizfindyou.com\httpdocs\prototype\vqmod/xml/multimerch_core.xml
   id        : MultiMerch Digital Multivendor Marketplace Core
   version   : 
   vqmver    : 
   author    : http://multimerch.com/

File Name    : catalog/view/theme/client/template/common/header.tpl(0)
VQModObject::applyMod - SEARCH NOT FOUND (SKIPPED): <div class="links"><a href="<?php echo $home; ?>"><?php echo $text_home; ?></a><a href="<?php echo $wishlist; ?>" id="wishlist-total"><?php echo $text_wishlist; ?></a><a href="<?php echo $account; ?>"><?php echo $text_account; ?></a><a href="<?php echo $shopping_cart; ?>"><?php echo $text_shopping_cart; ?></a><a href="<?php echo $checkout; ?>"><?php echo $text_checkout; ?></a></div>
----------------------------------------------------------------------


---------- Date: 2015-08-11 08:27:11 ~ IP : 118.100.80.141 ----------
REQUEST URI : /prototype/index.php?route=product/product&amp;product_id=1
MOD DETAILS:
   modFile   : D:\Inetpub\vhosts\bizfindyou.com\httpdocs\prototype\vqmod/xml/multimerch_core_productpage.xml
   id        : MultiMerch Core Product Page Mods
   version   : 
   vqmver    : 
   author    : http://multimerch.com/

File Name    : catalog/view/theme/client/template/product/product.tpl(0)
VQModObject::applyMod - SEARCH NOT FOUND (ABORTING MOD): <div class="description">
----------------------------------------------------------------------


---------- Date: 2015-08-11 08:28:39 ~ IP : 118.100.80.141 ----------
REQUEST URI : /prototype/index.php?route=product/product&amp;product_id=1
MOD DETAILS:
   modFile   : D:\Inetpub\vhosts\bizfindyou.com\httpdocs\prototype\vqmod/xml/multimerch_core.xml
   id        : MultiMerch Digital Multivendor Marketplace Core
   version   : 
   vqmver    : 
   author    : http://multimerch.com/

File Name    : catalog/view/theme/client/template/common/header.tpl(0)
VQModObject::applyMod - SEARCH NOT FOUND (SKIPPED): <div class="links"><a href="<?php echo $home; ?>"><?php echo $text_home; ?></a><a href="<?php echo $wishlist; ?>" id="wishlist-total"><?php echo $text_wishlist; ?></a><a href="<?php echo $account; ?>"><?php echo $text_account; ?></a><a href="<?php echo $shopping_cart; ?>"><?php echo $text_shopping_cart; ?></a><a href="<?php echo $checkout; ?>"><?php echo $text_checkout; ?></a></div>
----------------------------------------------------------------------


---------- Date: 2015-08-11 09:18:30 ~ IP : 118.100.80.141 ----------
REQUEST URI : /prototype/index.php?route=seller/account-product
MOD DETAILS:
   modFile   : D:\Inetpub\vhosts\bizfindyou.com\httpdocs\prototype\vqmod/xml/multimerch_core.xml
   id        : MultiMerch Digital Multivendor Marketplace Core
   version   : 
   vqmver    : 
   author    : http://multimerch.com/

File Name    : catalog/view/theme/*/template/common/header.tpl(0)
VQModObject::applyMod - SEARCH NOT FOUND (SKIPPED): <div class="links"><a href="<?php echo $home; ?>"><?php echo $text_home; ?></a><a href="<?php echo $wishlist; ?>" id="wishlist-total"><?php echo $text_wishlist; ?></a><a href="<?php echo $account; ?>"><?php echo $text_account; ?></a><a href="<?php echo $shopping_cart; ?>"><?php echo $text_shopping_cart; ?></a><a href="<?php echo $checkout; ?>"><?php echo $text_checkout; ?></a></div>
----------------------------------------------------------------------


---------- Date: 2015-08-11 09:25:41 ~ IP : 118.100.80.141 ----------
REQUEST URI : /prototype/index.php?route=seller/account-product
MOD DETAILS:
   modFile   : D:\Inetpub\vhosts\bizfindyou.com\httpdocs\prototype\vqmod/xml/multimerch_core.xml
   id        : MultiMerch Digital Multivendor Marketplace Core
   version   : 
   vqmver    : 
   author    : http://multimerch.com/

File Name    : catalog/view/theme/*/template/common/header.tpl(0)
VQModObject::applyMod - SEARCH NOT FOUND (SKIPPED): <div class="links"><a href="<?php echo $home; ?>"><?php echo $text_home; ?></a><a href="<?php echo $wishlist; ?>" id="wishlist-total"><?php echo $text_wishlist; ?></a><a href="<?php echo $account; ?>"><?php echo $text_account; ?></a><a href="<?php echo $shopping_cart; ?>"><?php echo $text_shopping_cart; ?></a><a href="<?php echo $checkout; ?>"><?php echo $text_checkout; ?></a></div>
----------------------------------------------------------------------


---------- Date: 2015-08-11 10:41:58 ~ IP : 118.100.80.141 ----------
REQUEST URI : /prototype/
MOD DETAILS:
   modFile   : D:\Inetpub\vhosts\bizfindyou.com\httpdocs\prototype\vqmod/xml/multimerch_core.xml
   id        : MultiMerch Digital Multivendor Marketplace Core
   version   : 
   vqmver    : 
   author    : http://multimerch.com/

File Name    : catalog/view/theme/*/template/common/header.tpl(0)
VQModObject::applyMod - SEARCH NOT FOUND (SKIPPED): <div class="links"><a href="<?php echo $home; ?>"><?php echo $text_home; ?></a><a href="<?php echo $wishlist; ?>" id="wishlist-total"><?php echo $text_wishlist; ?></a><a href="<?php echo $account; ?>"><?php echo $text_account; ?></a><a href="<?php echo $shopping_cart; ?>"><?php echo $text_shopping_cart; ?></a><a href="<?php echo $checkout; ?>"><?php echo $text_checkout; ?></a></div>
----------------------------------------------------------------------


---------- Date: 2015-08-11 10:42:15 ~ IP : 118.100.80.141 ----------
REQUEST URI : /prototype/
MOD DETAILS:
   modFile   : D:\Inetpub\vhosts\bizfindyou.com\httpdocs\prototype\vqmod/xml/multimerch_core.xml
   id        : MultiMerch Digital Multivendor Marketplace Core
   version   : 
   vqmver    : 
   author    : http://multimerch.com/

File Name    : catalog/view/theme/*/template/common/header.tpl(0)
VQModObject::applyMod - SEARCH NOT FOUND (SKIPPED): <div class="links"><a href="<?php echo $home; ?>"><?php echo $text_home; ?></a><a href="<?php echo $wishlist; ?>" id="wishlist-total"><?php echo $text_wishlist; ?></a><a href="<?php echo $account; ?>"><?php echo $text_account; ?></a><a href="<?php echo $shopping_cart; ?>"><?php echo $text_shopping_cart; ?></a><a href="<?php echo $checkout; ?>"><?php echo $text_checkout; ?></a></div>
----------------------------------------------------------------------


---------- Date: 2015-08-11 10:44:30 ~ IP : 118.100.80.141 ----------
REQUEST URI : /prototype/index.php?route=common/home
MOD DETAILS:
   modFile   : D:\Inetpub\vhosts\bizfindyou.com\httpdocs\prototype\vqmod/xml/multimerch_core.xml
   id        : MultiMerch Digital Multivendor Marketplace Core
   version   : 
   vqmver    : 
   author    : http://multimerch.com/

File Name    : catalog/view/theme/*/template/common/header.tpl(0)
VQModObject::applyMod - SEARCH NOT FOUND (SKIPPED): <div class="links"><a href="<?php echo $home; ?>"><?php echo $text_home; ?></a><a href="<?php echo $wishlist; ?>" id="wishlist-total"><?php echo $text_wishlist; ?></a><a href="<?php echo $account; ?>"><?php echo $text_account; ?></a><a href="<?php echo $shopping_cart; ?>"><?php echo $text_shopping_cart; ?></a><a href="<?php echo $checkout; ?>"><?php echo $text_checkout; ?></a></div>
----------------------------------------------------------------------


---------- Date: 2015-08-11 10:44:43 ~ IP : 118.100.80.141 ----------
REQUEST URI : /prototype/index.php?route=common/home
MOD DETAILS:
   modFile   : D:\Inetpub\vhosts\bizfindyou.com\httpdocs\prototype\vqmod/xml/multimerch_core.xml
   id        : MultiMerch Digital Multivendor Marketplace Core
   version   : 
   vqmver    : 
   author    : http://multimerch.com/

File Name    : catalog/view/theme/*/template/common/header.tpl(0)
VQModObject::applyMod - SEARCH NOT FOUND (SKIPPED): <div class="links"><a href="<?php echo $home; ?>"><?php echo $text_home; ?></a><a href="<?php echo $wishlist; ?>" id="wishlist-total"><?php echo $text_wishlist; ?></a><a href="<?php echo $account; ?>"><?php echo $text_account; ?></a><a href="<?php echo $shopping_cart; ?>"><?php echo $text_shopping_cart; ?></a><a href="<?php echo $checkout; ?>"><?php echo $text_checkout; ?></a></div>
----------------------------------------------------------------------


---------- Date: 2015-08-11 11:08:04 ~ IP : 118.100.80.141 ----------
REQUEST URI : /prototype/index.php?route=common/home
MOD DETAILS:
   modFile   : D:\Inetpub\vhosts\bizfindyou.com\httpdocs\prototype\vqmod/xml/multimerch_core.xml
   id        : MultiMerch Digital Multivendor Marketplace Core
   version   : 
   vqmver    : 
   author    : http://multimerch.com/

File Name    : catalog/view/theme/*/template/common/header.tpl(0)
VQModObject::applyMod - SEARCH NOT FOUND (SKIPPED): <div class="links"><a href="<?php echo $home; ?>"><?php echo $text_home; ?></a><a href="<?php echo $wishlist; ?>" id="wishlist-total"><?php echo $text_wishlist; ?></a><a href="<?php echo $account; ?>"><?php echo $text_account; ?></a><a href="<?php echo $shopping_cart; ?>"><?php echo $text_shopping_cart; ?></a><a href="<?php echo $checkout; ?>"><?php echo $text_checkout; ?></a></div>
----------------------------------------------------------------------


---------- Date: 2015-08-11 11:47:31 ~ IP : 118.100.80.141 ----------
REQUEST URI : /prototype/index.php?route=common/home
MOD DETAILS:
   modFile   : D:\Inetpub\vhosts\bizfindyou.com\httpdocs\prototype\vqmod/xml/multimerch_core.xml
   id        : MultiMerch Digital Multivendor Marketplace Core
   version   : 
   vqmver    : 
   author    : http://multimerch.com/

File Name    : catalog/view/theme/*/template/common/header.tpl(0)
VQModObject::applyMod - SEARCH NOT FOUND (SKIPPED): <div class="links"><a href="<?php echo $home; ?>"><?php echo $text_home; ?></a><a href="<?php echo $wishlist; ?>" id="wishlist-total"><?php echo $text_wishlist; ?></a><a href="<?php echo $account; ?>"><?php echo $text_account; ?></a><a href="<?php echo $shopping_cart; ?>"><?php echo $text_shopping_cart; ?></a><a href="<?php echo $checkout; ?>"><?php echo $text_checkout; ?></a></div>
----------------------------------------------------------------------


---------- Date: 2015-08-11 11:51:47 ~ IP : 118.100.80.141 ----------
REQUEST URI : /prototype/clip-1
MOD DETAILS:
   modFile   : D:\Inetpub\vhosts\bizfindyou.com\httpdocs\prototype\vqmod/xml/multimerch_core.xml
   id        : MultiMerch Digital Multivendor Marketplace Core
   version   : 
   vqmver    : 
   author    : http://multimerch.com/

File Name    : catalog/view/theme/*/template/common/header.tpl(0)
VQModObject::applyMod - SEARCH NOT FOUND (SKIPPED): <div class="links"><a href="<?php echo $home; ?>"><?php echo $text_home; ?></a><a href="<?php echo $wishlist; ?>" id="wishlist-total"><?php echo $text_wishlist; ?></a><a href="<?php echo $account; ?>"><?php echo $text_account; ?></a><a href="<?php echo $shopping_cart; ?>"><?php echo $text_shopping_cart; ?></a><a href="<?php echo $checkout; ?>"><?php echo $text_checkout; ?></a></div>
----------------------------------------------------------------------


---------- Date: 2015-08-11 11:53:40 ~ IP : 118.100.80.141 ----------
REQUEST URI : /prototype/index.php?route=account/wishlist
MOD DETAILS:
   modFile   : D:\Inetpub\vhosts\bizfindyou.com\httpdocs\prototype\vqmod/xml/multimerch_core.xml
   id        : MultiMerch Digital Multivendor Marketplace Core
   version   : 
   vqmver    : 
   author    : http://multimerch.com/

File Name    : catalog/view/theme/*/template/common/header.tpl(0)
VQModObject::applyMod - SEARCH NOT FOUND (SKIPPED): <div class="links"><a href="<?php echo $home; ?>"><?php echo $text_home; ?></a><a href="<?php echo $wishlist; ?>" id="wishlist-total"><?php echo $text_wishlist; ?></a><a href="<?php echo $account; ?>"><?php echo $text_account; ?></a><a href="<?php echo $shopping_cart; ?>"><?php echo $text_shopping_cart; ?></a><a href="<?php echo $checkout; ?>"><?php echo $text_checkout; ?></a></div>
----------------------------------------------------------------------


---------- Date: 2015-08-11 16:08:31 ~ IP : 60.52.6.2 ----------
REQUEST URI : /prototype/index.php?route=account/login
MOD DETAILS:
   modFile   : D:\Inetpub\vhosts\bizfindyou.com\httpdocs\prototype\vqmod/xml/multimerch_core.xml
   id        : MultiMerch Digital Multivendor Marketplace Core
   version   : 
   vqmver    : 
   author    : http://multimerch.com/

File Name    : catalog/controller/account/login.php(0)
VQModObject::applyMod - SEARCH NOT FOUND (SKIPPED): $this->redirect($this->url->link('account/account', '', 'SSL'));
----------------------------------------------------------------------


---------- Date: 2015-08-11 18:58:24 ~ IP : 118.100.76.16 ----------
REQUEST URI : /prototype/index.php?route=account/account
MOD DETAILS:
   modFile   : D:\Inetpub\vhosts\bizfindyou.com\httpdocs\prototype\vqmod/xml/multimerch_core.xml
   id        : MultiMerch Digital Multivendor Marketplace Core
   version   : 
   vqmver    : 
   author    : http://multimerch.com/

File Name    : catalog/view/theme/*/template/common/header.tpl(0)
VQModObject::applyMod - SEARCH NOT FOUND (SKIPPED): <div class="links"><a href="<?php echo $home; ?>"><?php echo $text_home; ?></a><a href="<?php echo $wishlist; ?>" id="wishlist-total"><?php echo $text_wishlist; ?></a><a href="<?php echo $account; ?>"><?php echo $text_account; ?></a><a href="<?php echo $shopping_cart; ?>"><?php echo $text_shopping_cart; ?></a><a href="<?php echo $checkout; ?>"><?php echo $text_checkout; ?></a></div>
----------------------------------------------------------------------


---------- Date: 2015-08-11 18:59:05 ~ IP : 118.100.76.16 ----------
REQUEST URI : /prototype/index.php?route=account/account
MOD DETAILS:
   modFile   : D:\Inetpub\vhosts\bizfindyou.com\httpdocs\prototype\vqmod/xml/multimerch_core.xml
   id        : MultiMerch Digital Multivendor Marketplace Core
   version   : 
   vqmver    : 
   author    : http://multimerch.com/

File Name    : catalog/view/theme/*/template/common/header.tpl(0)
VQModObject::applyMod - SEARCH NOT FOUND (SKIPPED): <div class="links"><a href="<?php echo $home; ?>"><?php echo $text_home; ?></a><a href="<?php echo $wishlist; ?>" id="wishlist-total"><?php echo $text_wishlist; ?></a><a href="<?php echo $account; ?>"><?php echo $text_account; ?></a><a href="<?php echo $shopping_cart; ?>"><?php echo $text_shopping_cart; ?></a><a href="<?php echo $checkout; ?>"><?php echo $text_checkout; ?></a></div>
----------------------------------------------------------------------


---------- Date: 2015-08-11 18:59:33 ~ IP : 118.100.76.16 ----------
REQUEST URI : /prototype/index.php?route=account/account
MOD DETAILS:
   modFile   : D:\Inetpub\vhosts\bizfindyou.com\httpdocs\prototype\vqmod/xml/multimerch_core.xml
   id        : MultiMerch Digital Multivendor Marketplace Core
   version   : 
   vqmver    : 
   author    : http://multimerch.com/

File Name    : catalog/view/theme/*/template/common/header.tpl(0)
VQModObject::applyMod - SEARCH NOT FOUND (SKIPPED): <div class="links"><a href="<?php echo $home; ?>"><?php echo $text_home; ?></a><a href="<?php echo $wishlist; ?>" id="wishlist-total"><?php echo $text_wishlist; ?></a><a href="<?php echo $account; ?>"><?php echo $text_account; ?></a><a href="<?php echo $shopping_cart; ?>"><?php echo $text_shopping_cart; ?></a><a href="<?php echo $checkout; ?>"><?php echo $text_checkout; ?></a></div>
----------------------------------------------------------------------


---------- Date: 2015-08-11 18:59:56 ~ IP : 118.100.76.16 ----------
REQUEST URI : /prototype/index.php?route=account/account
MOD DETAILS:
   modFile   : D:\Inetpub\vhosts\bizfindyou.com\httpdocs\prototype\vqmod/xml/multimerch_core.xml
   id        : MultiMerch Digital Multivendor Marketplace Core
   version   : 
   vqmver    : 
   author    : http://multimerch.com/

File Name    : catalog/view/theme/*/template/common/header.tpl(0)
VQModObject::applyMod - SEARCH NOT FOUND (SKIPPED): <div class="links"><a href="<?php echo $home; ?>"><?php echo $text_home; ?></a><a href="<?php echo $wishlist; ?>" id="wishlist-total"><?php echo $text_wishlist; ?></a><a href="<?php echo $account; ?>"><?php echo $text_account; ?></a><a href="<?php echo $shopping_cart; ?>"><?php echo $text_shopping_cart; ?></a><a href="<?php echo $checkout; ?>"><?php echo $text_checkout; ?></a></div>
----------------------------------------------------------------------


---------- Date: 2015-08-11 19:00:11 ~ IP : 118.100.76.16 ----------
REQUEST URI : /prototype/index.php?route=account/account
MOD DETAILS:
   modFile   : D:\Inetpub\vhosts\bizfindyou.com\httpdocs\prototype\vqmod/xml/multimerch_core.xml
   id        : MultiMerch Digital Multivendor Marketplace Core
   version   : 
   vqmver    : 
   author    : http://multimerch.com/

File Name    : catalog/view/theme/*/template/common/header.tpl(0)
VQModObject::applyMod - SEARCH NOT FOUND (SKIPPED): <div class="links"><a href="<?php echo $home; ?>"><?php echo $text_home; ?></a><a href="<?php echo $wishlist; ?>" id="wishlist-total"><?php echo $text_wishlist; ?></a><a href="<?php echo $account; ?>"><?php echo $text_account; ?></a><a href="<?php echo $shopping_cart; ?>"><?php echo $text_shopping_cart; ?></a><a href="<?php echo $checkout; ?>"><?php echo $text_checkout; ?></a></div>
----------------------------------------------------------------------


